mode: set
github.com/fsvxavier/nexs-swag/pkg/parser/codeexamples.go:20.50,21.33 1 0
github.com/fsvxavier/nexs-swag/pkg/parser/codeexamples.go:21.33,23.3 1 0
github.com/fsvxavier/nexs-swag/pkg/parser/codeexamples.go:25.2,27.99 2 0
github.com/fsvxavier/nexs-swag/pkg/parser/codeexamples.go:27.99,28.17 1 0
github.com/fsvxavier/nexs-swag/pkg/parser/codeexamples.go:28.17,30.4 1 0
github.com/fsvxavier/nexs-swag/pkg/parser/codeexamples.go:32.3,32.19 1 0
github.com/fsvxavier/nexs-swag/pkg/parser/codeexamples.go:32.19,34.4 1 0
github.com/fsvxavier/nexs-swag/pkg/parser/codeexamples.go:37.3,38.17 2 0
github.com/fsvxavier/nexs-swag/pkg/parser/codeexamples.go:38.17,40.4 1 0
github.com/fsvxavier/nexs-swag/pkg/parser/codeexamples.go:43.3,44.17 2 0
github.com/fsvxavier/nexs-swag/pkg/parser/codeexamples.go:44.17,46.4 1 0
github.com/fsvxavier/nexs-swag/pkg/parser/codeexamples.go:48.3,49.13 2 0
github.com/fsvxavier/nexs-swag/pkg/parser/codeexamples.go:54.57,55.30 1 0
github.com/fsvxavier/nexs-swag/pkg/parser/codeexamples.go:55.30,57.3 1 0
github.com/fsvxavier/nexs-swag/pkg/parser/codeexamples.go:58.2,58.36 1 0
github.com/fsvxavier/nexs-swag/pkg/parser/codeexamples.go:62.58,91.38 3 0
github.com/fsvxavier/nexs-swag/pkg/parser/codeexamples.go:91.38,93.3 1 0
github.com/fsvxavier/nexs-swag/pkg/parser/codeexamples.go:94.2,94.15 1 0
github.com/fsvxavier/nexs-swag/pkg/parser/config.go:16.50,18.2 1 0
github.com/fsvxavier/nexs-swag/pkg/parser/config.go:21.56,23.2 1 0
github.com/fsvxavier/nexs-swag/pkg/parser/config.go:27.55,29.2 1 0
github.com/fsvxavier/nexs-swag/pkg/parser/config.go:32.54,34.2 1 0
github.com/fsvxavier/nexs-swag/pkg/parser/config.go:37.47,39.2 1 0
github.com/fsvxavier/nexs-swag/pkg/parser/config.go:42.49,44.2 1 0
github.com/fsvxavier/nexs-swag/pkg/parser/config.go:47.43,49.2 1 0
github.com/fsvxavier/nexs-swag/pkg/parser/config.go:52.50,54.15 2 0
github.com/fsvxavier/nexs-swag/pkg/parser/config.go:54.15,56.3 1 0
github.com/fsvxavier/nexs-swag/pkg/parser/config.go:60.48,63.2 2 0
github.com/fsvxavier/nexs-swag/pkg/parser/config.go:66.59,69.2 2 0
github.com/fsvxavier/nexs-swag/pkg/parser/config.go:72.47,74.2 1 0
github.com/fsvxavier/nexs-swag/pkg/parser/config.go:77.45,79.2 1 0
github.com/fsvxavier/nexs-swag/pkg/parser/config.go:82.38,83.27 1 0
github.com/fsvxavier/nexs-swag/pkg/parser/config.go:83.27,85.3 1 0
github.com/fsvxavier/nexs-swag/pkg/parser/config.go:87.2,88.16 2 0
github.com/fsvxavier/nexs-swag/pkg/parser/config.go:88.16,91.3 1 0
github.com/fsvxavier/nexs-swag/pkg/parser/config.go:93.2,97.54 2 0
github.com/fsvxavier/nexs-swag/pkg/parser/config.go:97.54,99.3 1 0
github.com/fsvxavier/nexs-swag/pkg/parser/config.go:101.2,101.34 1 0
github.com/fsvxavier/nexs-swag/pkg/parser/config.go:105.38,106.26 1 0
github.com/fsvxavier/nexs-swag/pkg/parser/config.go:106.26,108.3 1 0
github.com/fsvxavier/nexs-swag/pkg/parser/config.go:110.2,110.30 1 0
github.com/fsvxavier/nexs-swag/pkg/parser/config.go:110.30,112.3 1 0
github.com/fsvxavier/nexs-swag/pkg/parser/config.go:114.2,114.89 1 0
github.com/fsvxavier/nexs-swag/pkg/parser/config.go:114.89,115.33 1 0
github.com/fsvxavier/nexs-swag/pkg/parser/config.go:115.33,117.4 1 0
github.com/fsvxavier/nexs-swag/pkg/parser/config.go:120.3,120.38 1 0
github.com/fsvxavier/nexs-swag/pkg/parser/config.go:120.38,122.4 1 0
github.com/fsvxavier/nexs-swag/pkg/parser/config.go:124.3,125.17 2 0
github.com/fsvxavier/nexs-swag/pkg/parser/config.go:125.17,127.4 1 0
github.com/fsvxavier/nexs-swag/pkg/parser/config.go:130.3,134.13 4 0
github.com/fsvxavier/nexs-swag/pkg/parser/config.go:139.61,140.26 1 0
github.com/fsvxavier/nexs-swag/pkg/parser/config.go:140.26,142.3 1 0
github.com/fsvxavier/nexs-swag/pkg/parser/config.go:143.2,143.32 1 0
github.com/fsvxavier/nexs-swag/pkg/parser/config.go:147.38,149.2 1 0
github.com/fsvxavier/nexs-swag/pkg/parser/config.go:153.66,154.28 1 0
github.com/fsvxavier/nexs-swag/pkg/parser/config.go:154.28,156.3 1 0
github.com/fsvxavier/nexs-swag/pkg/parser/config.go:159.2,159.59 1 0
github.com/fsvxavier/nexs-swag/pkg/parser/config.go:159.59,161.3 1 0
github.com/fsvxavier/nexs-swag/pkg/parser/config.go:164.2,164.50 1 0
github.com/fsvxavier/nexs-swag/pkg/parser/config.go:164.50,165.48 1 0
github.com/fsvxavier/nexs-swag/pkg/parser/config.go:165.48,167.4 1 0
github.com/fsvxavier/nexs-swag/pkg/parser/config.go:170.2,170.18 1 0
github.com/fsvxavier/nexs-swag/pkg/parser/config.go:174.61,176.56 1 0
github.com/fsvxavier/nexs-swag/pkg/parser/config.go:176.56,178.3 1 0
github.com/fsvxavier/nexs-swag/pkg/parser/config.go:181.2,181.27 1 0
github.com/fsvxavier/nexs-swag/pkg/parser/config.go:181.27,182.44 1 0
github.com/fsvxavier/nexs-swag/pkg/parser/config.go:182.44,183.25 1 0
github.com/fsvxavier/nexs-swag/pkg/parser/config.go:183.25,185.5 1 0
github.com/fsvxavier/nexs-swag/pkg/parser/config.go:190.2,190.28 1 0
github.com/fsvxavier/nexs-swag/pkg/parser/config.go:190.28,191.28 1 0
github.com/fsvxavier/nexs-swag/pkg/parser/config.go:191.28,192.45 1 0
github.com/fsvxavier/nexs-swag/pkg/parser/config.go:192.45,193.26 1 0
github.com/fsvxavier/nexs-swag/pkg/parser/config.go:193.26,195.6 1 0
github.com/fsvxavier/nexs-swag/pkg/parser/config.go:198.3,198.15 1 0
github.com/fsvxavier/nexs-swag/pkg/parser/config.go:201.2,201.13 1 0
github.com/fsvxavier/nexs-swag/pkg/parser/config.go:205.53,207.2 1 0
github.com/fsvxavier/nexs-swag/pkg/parser/config.go:210.53,212.15 2 0
github.com/fsvxavier/nexs-swag/pkg/parser/config.go:212.15,214.3 1 0
github.com/fsvxavier/nexs-swag/pkg/parser/config.go:218.49,220.2 1 0
github.com/fsvxavier/nexs-swag/pkg/parser/config.go:223.47,225.2 1 0
github.com/fsvxavier/nexs-swag/pkg/parser/config.go:228.47,230.2 1 0
github.com/fsvxavier/nexs-swag/pkg/parser/config.go:233.51,235.2 1 0
github.com/fsvxavier/nexs-swag/pkg/parser/config.go:238.53,240.2 1 0
github.com/fsvxavier/nexs-swag/pkg/parser/config.go:243.40,245.2 1 0
github.com/fsvxavier/nexs-swag/pkg/parser/config.go:248.48,250.2 1 0
github.com/fsvxavier/nexs-swag/pkg/parser/config.go:253.44,254.24 1 0
github.com/fsvxavier/nexs-swag/pkg/parser/config.go:254.24,256.3 1 0
github.com/fsvxavier/nexs-swag/pkg/parser/config.go:259.2,260.16 2 0
github.com/fsvxavier/nexs-swag/pkg/parser/config.go:260.16,263.3 1 0
github.com/fsvxavier/nexs-swag/pkg/parser/config.go:266.2,270.29 4 0
github.com/fsvxavier/nexs-swag/pkg/parser/config.go:270.29,273.41 2 0
github.com/fsvxavier/nexs-swag/pkg/parser/config.go:273.41,275.12 2 0
github.com/fsvxavier/nexs-swag/pkg/parser/config.go:278.3,278.16 1 0
github.com/fsvxavier/nexs-swag/pkg/parser/config.go:278.16,279.36 1 0
github.com/fsvxavier/nexs-swag/pkg/parser/config.go:279.36,280.10 1 0
github.com/fsvxavier/nexs-swag/pkg/parser/config.go:284.4,284.52 1 0
github.com/fsvxavier/nexs-swag/pkg/parser/config.go:284.52,286.24 2 0
github.com/fsvxavier/nexs-swag/pkg/parser/config.go:286.24,289.6 2 0
github.com/fsvxavier/nexs-swag/pkg/parser/config.go:299.2,299.32 1 0
github.com/fsvxavier/nexs-swag/pkg/parser/config.go:299.32,300.36 1 0
github.com/fsvxavier/nexs-swag/pkg/parser/config.go:300.36,301.56 1 0
github.com/fsvxavier/nexs-swag/pkg/parser/config.go:301.56,303.13 1 0
github.com/fsvxavier/nexs-swag/pkg/parser/config.go:308.2,308.12 1 0
github.com/fsvxavier/nexs-swag/pkg/parser/config.go:312.66,318.65 3 0
github.com/fsvxavier/nexs-swag/pkg/parser/config.go:318.65,320.3 1 0
github.com/fsvxavier/nexs-swag/pkg/parser/config.go:320.8,323.23 2 0
github.com/fsvxavier/nexs-swag/pkg/parser/config.go:323.23,325.20 2 0
github.com/fsvxavier/nexs-swag/pkg/parser/config.go:325.20,327.5 1 0
github.com/fsvxavier/nexs-swag/pkg/parser/config.go:328.4,328.52 1 0
github.com/fsvxavier/nexs-swag/pkg/parser/config.go:333.3,333.13 1 0
github.com/fsvxavier/nexs-swag/pkg/parser/config.go:337.2,337.32 1 0
github.com/fsvxavier/nexs-swag/pkg/parser/config.go:338.9,339.41 1 0
github.com/fsvxavier/nexs-swag/pkg/parser/config.go:340.9,341.45 1 0
github.com/fsvxavier/nexs-swag/pkg/parser/config.go:342.9,343.28 1 0
github.com/fsvxavier/nexs-swag/pkg/parser/config.go:346.2,346.12 1 0
github.com/fsvxavier/nexs-swag/pkg/parser/config.go:350.58,352.81 1 0
github.com/fsvxavier/nexs-swag/pkg/parser/config.go:352.81,353.68 1 0
github.com/fsvxavier/nexs-swag/pkg/parser/config.go:353.68,355.4 1 0
github.com/fsvxavier/nexs-swag/pkg/parser/config.go:357.3,358.17 2 0
github.com/fsvxavier/nexs-swag/pkg/parser/config.go:358.17,360.4 1 0
github.com/fsvxavier/nexs-swag/pkg/parser/config.go:363.3,363.30 1 0
github.com/fsvxavier/nexs-swag/pkg/parser/config.go:368.62,370.81 1 0
github.com/fsvxavier/nexs-swag/pkg/parser/config.go:370.81,371.68 1 0
github.com/fsvxavier/nexs-swag/pkg/parser/config.go:371.68,373.4 1 0
github.com/fsvxavier/nexs-swag/pkg/parser/config.go:375.3,376.17 2 0
github.com/fsvxavier/nexs-swag/pkg/parser/config.go:376.17,378.4 1 0
github.com/fsvxavier/nexs-swag/pkg/parser/config.go:381.3,381.33 1 0
github.com/fsvxavier/nexs-swag/pkg/parser/formatter.go:18.32,20.2 1 1
github.com/fsvxavier/nexs-swag/pkg/parser/formatter.go:23.78,27.16 3 1
github.com/fsvxavier/nexs-swag/pkg/parser/formatter.go:27.16,29.3 1 1
github.com/fsvxavier/nexs-swag/pkg/parser/formatter.go:31.2,33.64 2 1
github.com/fsvxavier/nexs-swag/pkg/parser/formatter.go:33.64,35.3 1 0
github.com/fsvxavier/nexs-swag/pkg/parser/formatter.go:37.2,37.31 1 1
github.com/fsvxavier/nexs-swag/pkg/parser/formatter.go:40.97,45.27 2 1
github.com/fsvxavier/nexs-swag/pkg/parser/formatter.go:45.27,46.63 1 1
github.com/fsvxavier/nexs-swag/pkg/parser/formatter.go:46.63,48.4 1 0
github.com/fsvxavier/nexs-swag/pkg/parser/formatter.go:52.2,52.34 1 1
github.com/fsvxavier/nexs-swag/pkg/parser/formatter.go:52.34,53.45 1 1
github.com/fsvxavier/nexs-swag/pkg/parser/formatter.go:53.45,54.65 1 1
github.com/fsvxavier/nexs-swag/pkg/parser/formatter.go:54.65,56.5 1 0
github.com/fsvxavier/nexs-swag/pkg/parser/formatter.go:57.9,57.54 1 1
github.com/fsvxavier/nexs-swag/pkg/parser/formatter.go:57.54,58.67 1 1
github.com/fsvxavier/nexs-swag/pkg/parser/formatter.go:58.67,60.5 1 0
github.com/fsvxavier/nexs-swag/pkg/parser/formatter.go:64.2,64.12 1 1
github.com/fsvxavier/nexs-swag/pkg/parser/formatter.go:67.90,69.30 2 1
github.com/fsvxavier/nexs-swag/pkg/parser/formatter.go:69.30,70.22 1 1
github.com/fsvxavier/nexs-swag/pkg/parser/formatter.go:70.22,72.4 1 0
github.com/fsvxavier/nexs-swag/pkg/parser/formatter.go:72.9,74.4 1 1
github.com/fsvxavier/nexs-swag/pkg/parser/formatter.go:76.2,77.12 2 1
github.com/fsvxavier/nexs-swag/pkg/parser/formatter.go:80.106,82.24 1 1
github.com/fsvxavier/nexs-swag/pkg/parser/formatter.go:82.24,84.3 1 0
github.com/fsvxavier/nexs-swag/pkg/parser/formatter.go:88.2,90.12 2 1
github.com/fsvxavier/nexs-swag/pkg/parser/formatter.go:93.109,95.25 1 1
github.com/fsvxavier/nexs-swag/pkg/parser/formatter.go:95.25,96.77 1 1
github.com/fsvxavier/nexs-swag/pkg/parser/formatter.go:96.77,98.4 1 0
github.com/fsvxavier/nexs-swag/pkg/parser/formatter.go:101.2,103.12 2 1
github.com/fsvxavier/nexs-swag/pkg/parser/formatter.go:106.105,107.34 1 0
github.com/fsvxavier/nexs-swag/pkg/parser/formatter.go:107.34,110.3 2 0
github.com/fsvxavier/nexs-swag/pkg/parser/formatter.go:132.114,136.34 3 1
github.com/fsvxavier/nexs-swag/pkg/parser/formatter.go:136.34,146.35 6 1
github.com/fsvxavier/nexs-swag/pkg/parser/formatter.go:146.35,148.22 2 1
github.com/fsvxavier/nexs-swag/pkg/parser/formatter.go:148.22,150.39 2 1
github.com/fsvxavier/nexs-swag/pkg/parser/formatter.go:150.39,153.14 2 1
github.com/fsvxavier/nexs-swag/pkg/parser/formatter.go:159.3,159.35 1 1
github.com/fsvxavier/nexs-swag/pkg/parser/formatter.go:162.2,165.12 3 1
github.com/fsvxavier/nexs-swag/pkg/parser/general_info.go:17.75,21.2 1 0
github.com/fsvxavier/nexs-swag/pkg/parser/general_info.go:66.59,67.9 1 0
github.com/fsvxavier/nexs-swag/pkg/parser/general_info.go:69.36,71.36 2 0
github.com/fsvxavier/nexs-swag/pkg/parser/general_info.go:73.38,75.38 2 0
github.com/fsvxavier/nexs-swag/pkg/parser/general_info.go:77.42,79.39 2 0
github.com/fsvxavier/nexs-swag/pkg/parser/general_info.go:79.39,81.4 1 0
github.com/fsvxavier/nexs-swag/pkg/parser/general_info.go:81.9,83.4 1 0
github.com/fsvxavier/nexs-swag/pkg/parser/general_info.go:85.38,87.38 2 0
github.com/fsvxavier/nexs-swag/pkg/parser/general_info.go:89.34,91.45 2 0
github.com/fsvxavier/nexs-swag/pkg/parser/general_info.go:94.42,96.36 2 0
github.com/fsvxavier/nexs-swag/pkg/parser/general_info.go:96.36,98.4 1 0
github.com/fsvxavier/nexs-swag/pkg/parser/general_info.go:99.3,99.43 1 0
github.com/fsvxavier/nexs-swag/pkg/parser/general_info.go:101.41,103.36 2 0
github.com/fsvxavier/nexs-swag/pkg/parser/general_info.go:103.36,105.4 1 0
github.com/fsvxavier/nexs-swag/pkg/parser/general_info.go:106.3,106.42 1 0
github.com/fsvxavier/nexs-swag/pkg/parser/general_info.go:108.43,110.36 2 0
github.com/fsvxavier/nexs-swag/pkg/parser/general_info.go:110.36,112.4 1 0
github.com/fsvxavier/nexs-swag/pkg/parser/general_info.go:113.3,113.44 1 0
github.com/fsvxavier/nexs-swag/pkg/parser/general_info.go:116.42,118.36 2 0
github.com/fsvxavier/nexs-swag/pkg/parser/general_info.go:118.36,120.4 1 0
github.com/fsvxavier/nexs-swag/pkg/parser/general_info.go:121.3,121.43 1 0
github.com/fsvxavier/nexs-swag/pkg/parser/general_info.go:123.41,125.36 2 0
github.com/fsvxavier/nexs-swag/pkg/parser/general_info.go:125.36,127.4 1 0
github.com/fsvxavier/nexs-swag/pkg/parser/general_info.go:128.3,128.42 1 0
github.com/fsvxavier/nexs-swag/pkg/parser/general_info.go:130.40,132.36 2 0
github.com/fsvxavier/nexs-swag/pkg/parser/general_info.go:132.36,134.4 1 0
github.com/fsvxavier/nexs-swag/pkg/parser/general_info.go:135.3,135.49 1 0
github.com/fsvxavier/nexs-swag/pkg/parser/general_info.go:138.37,144.56 3 0
github.com/fsvxavier/nexs-swag/pkg/parser/general_info.go:147.38,153.53 4 0
github.com/fsvxavier/nexs-swag/pkg/parser/general_info.go:155.38,157.23 2 0
github.com/fsvxavier/nexs-swag/pkg/parser/general_info.go:157.23,159.4 1 0
github.com/fsvxavier/nexs-swag/pkg/parser/general_info.go:161.41,163.23 2 0
github.com/fsvxavier/nexs-swag/pkg/parser/general_info.go:163.23,164.37 1 0
github.com/fsvxavier/nexs-swag/pkg/parser/general_info.go:164.37,166.5 1 0
github.com/fsvxavier/nexs-swag/pkg/parser/general_info.go:167.4,167.43 1 0
github.com/fsvxavier/nexs-swag/pkg/parser/general_info.go:170.42,172.23 2 0
github.com/fsvxavier/nexs-swag/pkg/parser/general_info.go:172.23,173.37 1 0
github.com/fsvxavier/nexs-swag/pkg/parser/general_info.go:173.37,175.5 1 0
github.com/fsvxavier/nexs-swag/pkg/parser/general_info.go:176.4,176.51 1 0
github.com/fsvxavier/nexs-swag/pkg/parser/general_info.go:180.46,182.36 2 0
github.com/fsvxavier/nexs-swag/pkg/parser/general_info.go:182.36,184.4 1 0
github.com/fsvxavier/nexs-swag/pkg/parser/general_info.go:185.3,185.42 1 0
github.com/fsvxavier/nexs-swag/pkg/parser/general_info.go:187.47,189.36 2 0
github.com/fsvxavier/nexs-swag/pkg/parser/general_info.go:189.36,191.4 1 0
github.com/fsvxavier/nexs-swag/pkg/parser/general_info.go:192.3,192.50 1 0
github.com/fsvxavier/nexs-swag/pkg/parser/general_info.go:195.44,201.4 2 0
github.com/fsvxavier/nexs-swag/pkg/parser/general_info.go:203.45,210.4 2 0
github.com/fsvxavier/nexs-swag/pkg/parser/general_info.go:213.2,213.12 1 0
github.com/fsvxavier/nexs-swag/pkg/parser/golist.go:24.119,25.20 1 0
github.com/fsvxavier/nexs-swag/pkg/parser/golist.go:25.20,27.3 1 0
github.com/fsvxavier/nexs-swag/pkg/parser/golist.go:29.2,31.27 2 0
github.com/fsvxavier/nexs-swag/pkg/parser/golist.go:31.27,33.17 2 0
github.com/fsvxavier/nexs-swag/pkg/parser/golist.go:33.17,35.4 1 0
github.com/fsvxavier/nexs-swag/pkg/parser/golist.go:36.3,36.45 1 0
github.com/fsvxavier/nexs-swag/pkg/parser/golist.go:39.2,39.25 1 0
github.com/fsvxavier/nexs-swag/pkg/parser/golist.go:43.108,55.34 9 0
github.com/fsvxavier/nexs-swag/pkg/parser/golist.go:55.34,57.3 1 0
github.com/fsvxavier/nexs-swag/pkg/parser/golist.go:60.2,63.21 3 0
github.com/fsvxavier/nexs-swag/pkg/parser/golist.go:63.21,65.46 2 0
github.com/fsvxavier/nexs-swag/pkg/parser/golist.go:65.46,67.4 1 0
github.com/fsvxavier/nexs-swag/pkg/parser/golist.go:68.3,68.36 1 0
github.com/fsvxavier/nexs-swag/pkg/parser/golist.go:71.2,71.22 1 0
github.com/fsvxavier/nexs-swag/pkg/parser/golist.go:75.67,77.36 1 0
github.com/fsvxavier/nexs-swag/pkg/parser/golist.go:77.36,79.3 1 0
github.com/fsvxavier/nexs-swag/pkg/parser/golist.go:81.2,84.35 2 0
github.com/fsvxavier/nexs-swag/pkg/parser/golist.go:84.35,86.43 2 0
github.com/fsvxavier/nexs-swag/pkg/parser/golist.go:86.43,88.4 1 0
github.com/fsvxavier/nexs-swag/pkg/parser/golist.go:92.2,92.36 1 0
github.com/fsvxavier/nexs-swag/pkg/parser/golist.go:92.36,94.43 2 0
github.com/fsvxavier/nexs-swag/pkg/parser/golist.go:94.43,96.4 1 0
github.com/fsvxavier/nexs-swag/pkg/parser/golist.go:99.2,99.12 1 0
github.com/fsvxavier/nexs-swag/pkg/parser/golist.go:103.52,104.20 1 0
github.com/fsvxavier/nexs-swag/pkg/parser/golist.go:104.20,106.3 1 0
github.com/fsvxavier/nexs-swag/pkg/parser/golist.go:108.2,112.23 3 0
github.com/fsvxavier/nexs-swag/pkg/parser/golist.go:112.23,114.3 1 0
github.com/fsvxavier/nexs-swag/pkg/parser/golist.go:116.2,117.16 2 0
github.com/fsvxavier/nexs-swag/pkg/parser/golist.go:117.16,119.3 1 0
github.com/fsvxavier/nexs-swag/pkg/parser/golist.go:121.2,121.31 1 0
github.com/fsvxavier/nexs-swag/pkg/parser/golist.go:121.31,122.55 1 0
github.com/fsvxavier/nexs-swag/pkg/parser/golist.go:122.55,124.4 1 0
github.com/fsvxavier/nexs-swag/pkg/parser/golist.go:127.2,127.12 1 0
github.com/fsvxavier/nexs-swag/pkg/parser/naming.go:11.88,13.37 1 0
github.com/fsvxavier/nexs-swag/pkg/parser/naming.go:13.37,15.21 2 0
github.com/fsvxavier/nexs-swag/pkg/parser/naming.go:15.21,17.4 1 0
github.com/fsvxavier/nexs-swag/pkg/parser/naming.go:21.2,23.18 2 0
github.com/fsvxavier/nexs-swag/pkg/parser/naming.go:24.19,25.32 1 0
github.com/fsvxavier/nexs-swag/pkg/parser/naming.go:26.20,27.19 1 0
github.com/fsvxavier/nexs-swag/pkg/parser/naming.go:28.19,29.14 1 0
github.com/fsvxavier/nexs-swag/pkg/parser/naming.go:30.10,31.32 1 0
github.com/fsvxavier/nexs-swag/pkg/parser/naming.go:36.35,38.22 2 1
github.com/fsvxavier/nexs-swag/pkg/parser/naming.go:38.22,39.34 1 1
github.com/fsvxavier/nexs-swag/pkg/parser/naming.go:39.34,41.47 1 1
github.com/fsvxavier/nexs-swag/pkg/parser/naming.go:41.47,43.5 1 1
github.com/fsvxavier/nexs-swag/pkg/parser/naming.go:45.3,45.46 1 1
github.com/fsvxavier/nexs-swag/pkg/parser/naming.go:47.2,47.23 1 1
github.com/fsvxavier/nexs-swag/pkg/parser/naming.go:51.35,52.17 1 1
github.com/fsvxavier/nexs-swag/pkg/parser/naming.go:52.17,54.3 1 1
github.com/fsvxavier/nexs-swag/pkg/parser/naming.go:56.2,58.22 3 1
github.com/fsvxavier/nexs-swag/pkg/parser/naming.go:62.82,64.19 1 0
github.com/fsvxavier/nexs-swag/pkg/parser/naming.go:64.19,66.3 1 0
github.com/fsvxavier/nexs-swag/pkg/parser/naming.go:69.2,69.20 1 0
github.com/fsvxavier/nexs-swag/pkg/parser/naming.go:69.20,71.3 1 0
github.com/fsvxavier/nexs-swag/pkg/parser/naming.go:74.2,74.15 1 0
github.com/fsvxavier/nexs-swag/pkg/parser/naming.go:74.15,76.3 1 0
github.com/fsvxavier/nexs-swag/pkg/parser/naming.go:79.2,79.35 1 0
github.com/fsvxavier/nexs-swag/pkg/parser/operation.go:27.114,33.2 1 0
github.com/fsvxavier/nexs-swag/pkg/parser/operation.go:71.80,78.35 3 0
github.com/fsvxavier/nexs-swag/pkg/parser/operation.go:78.35,80.50 2 0
github.com/fsvxavier/nexs-swag/pkg/parser/operation.go:80.50,81.12 1 0
github.com/fsvxavier/nexs-swag/pkg/parser/operation.go:84.3,86.10 2 0
github.com/fsvxavier/nexs-swag/pkg/parser/operation.go:87.41,88.30 1 0
github.com/fsvxavier/nexs-swag/pkg/parser/operation.go:90.45,91.34 1 0
github.com/fsvxavier/nexs-swag/pkg/parser/operation.go:93.34,94.25 1 0
github.com/fsvxavier/nexs-swag/pkg/parser/operation.go:96.38,97.27 1 0
github.com/fsvxavier/nexs-swag/pkg/parser/operation.go:99.38,100.29 1 0
github.com/fsvxavier/nexs-swag/pkg/parser/operation.go:102.39,103.30 1 0
github.com/fsvxavier/nexs-swag/pkg/parser/operation.go:105.37,106.32 1 0
github.com/fsvxavier/nexs-swag/pkg/parser/operation.go:108.39,109.45 1 0
github.com/fsvxavier/nexs-swag/pkg/parser/operation.go:111.39,112.45 1 0
github.com/fsvxavier/nexs-swag/pkg/parser/operation.go:114.40,115.46 1 0
github.com/fsvxavier/nexs-swag/pkg/parser/operation.go:117.38,118.29 1 0
github.com/fsvxavier/nexs-swag/pkg/parser/operation.go:120.42,121.31 1 0
github.com/fsvxavier/nexs-swag/pkg/parser/operation.go:123.44,124.24 1 0
github.com/fsvxavier/nexs-swag/pkg/parser/operation.go:126.37,127.28 1 0
github.com/fsvxavier/nexs-swag/pkg/parser/operation.go:129.44,130.34 1 0
github.com/fsvxavier/nexs-swag/pkg/parser/operation.go:134.2,134.21 1 0
github.com/fsvxavier/nexs-swag/pkg/parser/operation.go:134.21,136.3 1 0
github.com/fsvxavier/nexs-swag/pkg/parser/operation.go:138.2,138.11 1 0
github.com/fsvxavier/nexs-swag/pkg/parser/operation.go:142.76,143.35 1 0
github.com/fsvxavier/nexs-swag/pkg/parser/operation.go:143.35,145.36 2 0
github.com/fsvxavier/nexs-swag/pkg/parser/operation.go:145.36,151.4 2 0
github.com/fsvxavier/nexs-swag/pkg/parser/operation.go:153.2,153.20 1 0
github.com/fsvxavier/nexs-swag/pkg/parser/operation.go:157.81,160.2 2 0
github.com/fsvxavier/nexs-swag/pkg/parser/operation.go:164.85,169.84 3 0
github.com/fsvxavier/nexs-swag/pkg/parser/operation.go:169.84,171.70 2 0
github.com/fsvxavier/nexs-swag/pkg/parser/operation.go:171.70,173.4 1 0
github.com/fsvxavier/nexs-swag/pkg/parser/operation.go:176.2,176.26 1 0
github.com/fsvxavier/nexs-swag/pkg/parser/operation.go:176.26,178.3 1 0
github.com/fsvxavier/nexs-swag/pkg/parser/operation.go:178.8,180.3 1 0
github.com/fsvxavier/nexs-swag/pkg/parser/operation.go:184.76,187.2 2 0
github.com/fsvxavier/nexs-swag/pkg/parser/operation.go:190.78,193.27 3 0
github.com/fsvxavier/nexs-swag/pkg/parser/operation.go:193.27,195.3 1 0
github.com/fsvxavier/nexs-swag/pkg/parser/operation.go:196.2,196.16 1 0
github.com/fsvxavier/nexs-swag/pkg/parser/operation.go:201.80,203.22 2 0
github.com/fsvxavier/nexs-swag/pkg/parser/operation.go:203.22,205.3 1 0
github.com/fsvxavier/nexs-swag/pkg/parser/operation.go:208.2,211.52 2 0
github.com/fsvxavier/nexs-swag/pkg/parser/operation.go:211.52,213.38 1 0
github.com/fsvxavier/nexs-swag/pkg/parser/operation.go:213.38,216.46 2 0
github.com/fsvxavier/nexs-swag/pkg/parser/operation.go:216.46,218.10 2 0
github.com/fsvxavier/nexs-swag/pkg/parser/operation.go:222.4,223.36 2 0
github.com/fsvxavier/nexs-swag/pkg/parser/operation.go:223.36,227.5 1 0
github.com/fsvxavier/nexs-swag/pkg/parser/operation.go:228.4,228.39 1 0
github.com/fsvxavier/nexs-swag/pkg/parser/operation.go:235.81,237.22 2 0
github.com/fsvxavier/nexs-swag/pkg/parser/operation.go:237.22,239.3 1 0
github.com/fsvxavier/nexs-swag/pkg/parser/operation.go:242.2,246.27 2 0
github.com/fsvxavier/nexs-swag/pkg/parser/operation.go:246.27,248.41 1 0
github.com/fsvxavier/nexs-swag/pkg/parser/operation.go:248.41,249.33 1 0
github.com/fsvxavier/nexs-swag/pkg/parser/operation.go:249.33,252.41 2 0
github.com/fsvxavier/nexs-swag/pkg/parser/operation.go:252.41,254.11 2 0
github.com/fsvxavier/nexs-swag/pkg/parser/operation.go:258.5,259.37 2 0
github.com/fsvxavier/nexs-swag/pkg/parser/operation.go:259.37,263.6 1 0
github.com/fsvxavier/nexs-swag/pkg/parser/operation.go:264.5,264.34 1 0
github.com/fsvxavier/nexs-swag/pkg/parser/operation.go:272.71,299.26 4 0
github.com/fsvxavier/nexs-swag/pkg/parser/operation.go:299.26,303.37 2 0
github.com/fsvxavier/nexs-swag/pkg/parser/operation.go:303.37,305.4 1 0
github.com/fsvxavier/nexs-swag/pkg/parser/operation.go:305.9,305.38 1 0
github.com/fsvxavier/nexs-swag/pkg/parser/operation.go:305.38,308.4 1 0
github.com/fsvxavier/nexs-swag/pkg/parser/operation.go:308.9,311.4 1 0
github.com/fsvxavier/nexs-swag/pkg/parser/operation.go:314.2,314.21 1 0
github.com/fsvxavier/nexs-swag/pkg/parser/operation.go:318.83,320.22 2 0
github.com/fsvxavier/nexs-swag/pkg/parser/operation.go:320.22,322.3 1 0
github.com/fsvxavier/nexs-swag/pkg/parser/operation.go:324.2,332.42 7 0
github.com/fsvxavier/nexs-swag/pkg/parser/operation.go:332.42,334.3 1 0
github.com/fsvxavier/nexs-swag/pkg/parser/operation.go:337.2,337.18 1 0
github.com/fsvxavier/nexs-swag/pkg/parser/operation.go:337.18,340.3 2 0
github.com/fsvxavier/nexs-swag/pkg/parser/operation.go:343.2,356.23 2 0
github.com/fsvxavier/nexs-swag/pkg/parser/operation.go:356.23,358.3 1 0
github.com/fsvxavier/nexs-swag/pkg/parser/operation.go:360.2,360.46 1 0
github.com/fsvxavier/nexs-swag/pkg/parser/operation.go:364.126,365.27 1 0
github.com/fsvxavier/nexs-swag/pkg/parser/operation.go:365.27,371.3 1 0
github.com/fsvxavier/nexs-swag/pkg/parser/operation.go:373.2,378.56 2 0
github.com/fsvxavier/nexs-swag/pkg/parser/operation.go:382.104,384.22 2 0
github.com/fsvxavier/nexs-swag/pkg/parser/operation.go:384.22,386.3 1 0
github.com/fsvxavier/nexs-swag/pkg/parser/operation.go:388.2,392.42 5 0
github.com/fsvxavier/nexs-swag/pkg/parser/operation.go:392.42,394.3 1 0
github.com/fsvxavier/nexs-swag/pkg/parser/operation.go:396.2,401.57 2 0
github.com/fsvxavier/nexs-swag/pkg/parser/operation.go:401.57,405.30 3 0
github.com/fsvxavier/nexs-swag/pkg/parser/operation.go:405.30,410.4 1 0
github.com/fsvxavier/nexs-swag/pkg/parser/operation.go:412.3,415.29 2 0
github.com/fsvxavier/nexs-swag/pkg/parser/operation.go:418.2,418.37 1 0
github.com/fsvxavier/nexs-swag/pkg/parser/operation.go:422.80,424.22 2 0
github.com/fsvxavier/nexs-swag/pkg/parser/operation.go:424.22,426.3 1 0
github.com/fsvxavier/nexs-swag/pkg/parser/operation.go:428.2,434.21 6 0
github.com/fsvxavier/nexs-swag/pkg/parser/operation.go:434.21,440.3 2 0
github.com/fsvxavier/nexs-swag/pkg/parser/operation.go:442.2,442.29 1 0
github.com/fsvxavier/nexs-swag/pkg/parser/operation.go:442.29,444.3 1 0
github.com/fsvxavier/nexs-swag/pkg/parser/operation.go:446.2,449.3 1 0
github.com/fsvxavier/nexs-swag/pkg/parser/operation.go:453.82,455.22 2 0
github.com/fsvxavier/nexs-swag/pkg/parser/operation.go:455.22,457.3 1 0
github.com/fsvxavier/nexs-swag/pkg/parser/operation.go:459.2,462.42 3 0
github.com/fsvxavier/nexs-swag/pkg/parser/operation.go:462.42,464.35 2 0
github.com/fsvxavier/nexs-swag/pkg/parser/operation.go:464.35,466.4 1 0
github.com/fsvxavier/nexs-swag/pkg/parser/operation.go:469.2,473.45 2 0
github.com/fsvxavier/nexs-swag/pkg/parser/operation.go:479.80,486.32 4 0
github.com/fsvxavier/nexs-swag/pkg/parser/operation.go:486.32,487.22 1 0
github.com/fsvxavier/nexs-swag/pkg/parser/operation.go:487.22,489.4 1 0
github.com/fsvxavier/nexs-swag/pkg/parser/operation.go:492.2,492.14 1 0
github.com/fsvxavier/nexs-swag/pkg/parser/operation.go:496.106,497.25 1 0
github.com/fsvxavier/nexs-swag/pkg/parser/operation.go:497.25,499.3 1 0
github.com/fsvxavier/nexs-swag/pkg/parser/operation.go:501.2,501.32 1 0
github.com/fsvxavier/nexs-swag/pkg/parser/operation.go:501.32,502.14 1 0
github.com/fsvxavier/nexs-swag/pkg/parser/operation.go:503.25,504.61 1 0
github.com/fsvxavier/nexs-swag/pkg/parser/operation.go:504.61,506.5 1 0
github.com/fsvxavier/nexs-swag/pkg/parser/operation.go:508.25,509.61 1 0
github.com/fsvxavier/nexs-swag/pkg/parser/operation.go:509.61,511.5 1 0
github.com/fsvxavier/nexs-swag/pkg/parser/operation.go:513.27,515.61 1 0
github.com/fsvxavier/nexs-swag/pkg/parser/operation.go:515.61,517.5 1 0
github.com/fsvxavier/nexs-swag/pkg/parser/operation.go:519.27,521.61 1 0
github.com/fsvxavier/nexs-swag/pkg/parser/operation.go:521.61,523.5 1 0
github.com/fsvxavier/nexs-swag/pkg/parser/operation.go:525.20,526.54 1 0
github.com/fsvxavier/nexs-swag/pkg/parser/operation.go:526.54,528.5 1 0
github.com/fsvxavier/nexs-swag/pkg/parser/operation.go:530.20,531.54 1 0
github.com/fsvxavier/nexs-swag/pkg/parser/operation.go:531.54,533.5 1 0
github.com/fsvxavier/nexs-swag/pkg/parser/operation.go:535.18,536.32 1 0
github.com/fsvxavier/nexs-swag/pkg/parser/operation.go:538.21,539.62 1 0
github.com/fsvxavier/nexs-swag/pkg/parser/operation.go:539.62,541.5 1 0
github.com/fsvxavier/nexs-swag/pkg/parser/operation.go:543.19,544.56 1 0
github.com/fsvxavier/nexs-swag/pkg/parser/operation.go:544.56,546.5 1 0
github.com/fsvxavier/nexs-swag/pkg/parser/operation.go:548.19,549.56 1 0
github.com/fsvxavier/nexs-swag/pkg/parser/operation.go:549.56,551.5 1 0
github.com/fsvxavier/nexs-swag/pkg/parser/operation.go:553.22,554.46 1 0
github.com/fsvxavier/nexs-swag/pkg/parser/operation.go:556.24,560.34 3 0
github.com/fsvxavier/nexs-swag/pkg/parser/operation.go:562.18,565.58 2 0
github.com/fsvxavier/nexs-swag/pkg/parser/operation.go:567.18,570.51 2 0
github.com/fsvxavier/nexs-swag/pkg/parser/operation.go:572.17,573.31 1 0
github.com/fsvxavier/nexs-swag/pkg/parser/operation.go:575.27,575.27 0 0
github.com/fsvxavier/nexs-swag/pkg/parser/operation.go:581.19,582.43 1 0
github.com/fsvxavier/nexs-swag/pkg/parser/operation.go:584.20,585.44 1 0
github.com/fsvxavier/nexs-swag/pkg/parser/operation.go:587.19,588.43 1 0
github.com/fsvxavier/nexs-swag/pkg/parser/operation.go:590.21,591.38 1 0
github.com/fsvxavier/nexs-swag/pkg/parser/operation.go:593.26,594.43 1 0
github.com/fsvxavier/nexs-swag/pkg/parser/operation.go:601.81,602.41 1 0
github.com/fsvxavier/nexs-swag/pkg/parser/operation.go:602.41,604.3 1 0
github.com/fsvxavier/nexs-swag/pkg/parser/operation.go:606.2,606.33 1 0
github.com/fsvxavier/nexs-swag/pkg/parser/operation.go:607.14,608.11 1 0
github.com/fsvxavier/nexs-swag/pkg/parser/operation.go:609.21,610.17 1 0
github.com/fsvxavier/nexs-swag/pkg/parser/operation.go:610.17,611.34 1 0
github.com/fsvxavier/nexs-swag/pkg/parser/operation.go:611.34,613.5 1 0
github.com/fsvxavier/nexs-swag/pkg/parser/operation.go:615.16,616.17 1 0
github.com/fsvxavier/nexs-swag/pkg/parser/operation.go:616.17,618.4 1 0
github.com/fsvxavier/nexs-swag/pkg/parser/operation.go:621.2,621.17 1 0
github.com/fsvxavier/nexs-swag/pkg/parser/operation.go:625.95,629.27 3 0
github.com/fsvxavier/nexs-swag/pkg/parser/operation.go:629.27,632.3 2 0
github.com/fsvxavier/nexs-swag/pkg/parser/operation.go:634.2,634.14 1 0
github.com/fsvxavier/nexs-swag/pkg/parser/operation.go:638.86,641.20 2 0
github.com/fsvxavier/nexs-swag/pkg/parser/operation.go:642.17,643.60 1 0
github.com/fsvxavier/nexs-swag/pkg/parser/operation.go:643.60,645.4 1 0
github.com/fsvxavier/nexs-swag/pkg/parser/operation.go:647.16,648.58 1 0
github.com/fsvxavier/nexs-swag/pkg/parser/operation.go:648.58,650.4 1 0
github.com/fsvxavier/nexs-swag/pkg/parser/operation.go:652.17,653.53 1 0
github.com/fsvxavier/nexs-swag/pkg/parser/operation.go:653.53,655.4 1 0
github.com/fsvxavier/nexs-swag/pkg/parser/operation.go:657.15,661.27 3 0
github.com/fsvxavier/nexs-swag/pkg/parser/operation.go:661.27,663.4 1 0
github.com/fsvxavier/nexs-swag/pkg/parser/operation.go:664.3,664.13 1 0
github.com/fsvxavier/nexs-swag/pkg/parser/operation.go:668.2,668.14 1 0
github.com/fsvxavier/nexs-swag/pkg/parser/operation.go:672.79,676.39 2 0
github.com/fsvxavier/nexs-swag/pkg/parser/operation.go:676.39,681.3 4 0
github.com/fsvxavier/nexs-swag/pkg/parser/operation.go:684.2,684.41 1 0
github.com/fsvxavier/nexs-swag/pkg/parser/operation.go:684.41,688.67 3 0
github.com/fsvxavier/nexs-swag/pkg/parser/operation.go:688.67,691.4 2 0
github.com/fsvxavier/nexs-swag/pkg/parser/operation.go:691.9,694.4 1 0
github.com/fsvxavier/nexs-swag/pkg/parser/operation.go:695.3,695.16 1 0
github.com/fsvxavier/nexs-swag/pkg/parser/operation.go:699.2,699.18 1 0
github.com/fsvxavier/nexs-swag/pkg/parser/operation.go:700.16,701.25 1 0
github.com/fsvxavier/nexs-swag/pkg/parser/operation.go:702.50,704.26 2 0
github.com/fsvxavier/nexs-swag/pkg/parser/operation.go:705.15,707.26 2 0
github.com/fsvxavier/nexs-swag/pkg/parser/operation.go:708.43,710.26 2 0
github.com/fsvxavier/nexs-swag/pkg/parser/operation.go:711.16,713.26 2 0
github.com/fsvxavier/nexs-swag/pkg/parser/operation.go:714.17,716.26 2 0
github.com/fsvxavier/nexs-swag/pkg/parser/operation.go:717.46,719.27 2 0
github.com/fsvxavier/nexs-swag/pkg/parser/operation.go:720.25,721.26 1 0
github.com/fsvxavier/nexs-swag/pkg/parser/operation.go:722.14,724.25 2 0
github.com/fsvxavier/nexs-swag/pkg/parser/operation.go:725.14,727.25 2 0
github.com/fsvxavier/nexs-swag/pkg/parser/operation.go:728.31,730.30 2 0
github.com/fsvxavier/nexs-swag/pkg/parser/operation.go:731.14,733.27 2 0
github.com/fsvxavier/nexs-swag/pkg/parser/operation.go:734.10,736.50 1 0
github.com/fsvxavier/nexs-swag/pkg/parser/operation.go:739.2,739.15 1 0
github.com/fsvxavier/nexs-swag/pkg/parser/operation.go:744.79,746.22 2 0
github.com/fsvxavier/nexs-swag/pkg/parser/operation.go:746.22,748.3 1 0
github.com/fsvxavier/nexs-swag/pkg/parser/operation.go:750.2,751.26 2 0
github.com/fsvxavier/nexs-swag/pkg/parser/operation.go:751.26,753.3 1 0
github.com/fsvxavier/nexs-swag/pkg/parser/operation.go:754.2,754.34 1 0
github.com/fsvxavier/nexs-swag/pkg/parser/operation.go:760.85,762.22 2 0
github.com/fsvxavier/nexs-swag/pkg/parser/operation.go:762.22,764.3 1 0
github.com/fsvxavier/nexs-swag/pkg/parser/operation.go:767.2,768.21 2 0
github.com/fsvxavier/nexs-swag/pkg/parser/operation.go:768.21,770.3 1 0
github.com/fsvxavier/nexs-swag/pkg/parser/operation.go:772.2,777.18 4 0
github.com/fsvxavier/nexs-swag/pkg/parser/operation.go:777.18,779.3 1 0
github.com/fsvxavier/nexs-swag/pkg/parser/operation.go:782.2,782.16 1 0
github.com/fsvxavier/nexs-swag/pkg/parser/operation.go:782.16,784.3 1 0
github.com/fsvxavier/nexs-swag/pkg/parser/operation.go:787.2,787.26 1 0
github.com/fsvxavier/nexs-swag/pkg/parser/operation.go:787.26,789.3 1 0
github.com/fsvxavier/nexs-swag/pkg/parser/operation.go:791.2,792.83 2 0
github.com/fsvxavier/nexs-swag/pkg/parser/operation.go:792.83,794.3 1 0
github.com/fsvxavier/nexs-swag/pkg/parser/operation.go:796.2,801.42 2 0
github.com/fsvxavier/nexs-swag/pkg/parser/operation.go:806.57,815.26 3 1
github.com/fsvxavier/nexs-swag/pkg/parser/operation.go:815.26,817.3 1 1
github.com/fsvxavier/nexs-swag/pkg/parser/operation.go:818.2,818.14 1 1
github.com/fsvxavier/nexs-swag/pkg/parser/parser.go:60.20,91.2 1 0
github.com/fsvxavier/nexs-swag/pkg/parser/parser.go:94.45,96.46 1 0
github.com/fsvxavier/nexs-swag/pkg/parser/parser.go:96.46,98.3 1 0
github.com/fsvxavier/nexs-swag/pkg/parser/parser.go:101.2,101.19 1 0
github.com/fsvxavier/nexs-swag/pkg/parser/parser.go:101.19,102.48 1 0
github.com/fsvxavier/nexs-swag/pkg/parser/parser.go:102.48,104.4 1 0
github.com/fsvxavier/nexs-swag/pkg/parser/parser.go:105.3,105.13 1 0
github.com/fsvxavier/nexs-swag/pkg/parser/parser.go:108.2,108.81 1 0
github.com/fsvxavier/nexs-swag/pkg/parser/parser.go:108.81,109.17 1 0
github.com/fsvxavier/nexs-swag/pkg/parser/parser.go:109.17,111.4 1 0
github.com/fsvxavier/nexs-swag/pkg/parser/parser.go:114.3,114.34 1 0
github.com/fsvxavier/nexs-swag/pkg/parser/parser.go:114.34,115.20 1 0
github.com/fsvxavier/nexs-swag/pkg/parser/parser.go:115.20,117.5 1 0
github.com/fsvxavier/nexs-swag/pkg/parser/parser.go:118.4,118.14 1 0
github.com/fsvxavier/nexs-swag/pkg/parser/parser.go:122.3,122.19 1 0
github.com/fsvxavier/nexs-swag/pkg/parser/parser.go:122.19,127.51 2 0
github.com/fsvxavier/nexs-swag/pkg/parser/parser.go:127.51,129.5 1 0
github.com/fsvxavier/nexs-swag/pkg/parser/parser.go:132.4,132.46 1 0
github.com/fsvxavier/nexs-swag/pkg/parser/parser.go:132.46,134.5 1 0
github.com/fsvxavier/nexs-swag/pkg/parser/parser.go:136.4,136.14 1 0
github.com/fsvxavier/nexs-swag/pkg/parser/parser.go:140.3,140.77 1 0
github.com/fsvxavier/nexs-swag/pkg/parser/parser.go:140.77,142.4 1 0
github.com/fsvxavier/nexs-swag/pkg/parser/parser.go:144.3,144.27 1 0
github.com/fsvxavier/nexs-swag/pkg/parser/parser.go:149.68,150.33 1 0
github.com/fsvxavier/nexs-swag/pkg/parser/parser.go:150.33,152.3 1 0
github.com/fsvxavier/nexs-swag/pkg/parser/parser.go:154.2,155.44 2 0
github.com/fsvxavier/nexs-swag/pkg/parser/parser.go:155.44,160.37 2 0
github.com/fsvxavier/nexs-swag/pkg/parser/parser.go:160.37,162.15 2 0
github.com/fsvxavier/nexs-swag/pkg/parser/parser.go:162.15,164.5 1 0
github.com/fsvxavier/nexs-swag/pkg/parser/parser.go:165.9,165.64 1 0
github.com/fsvxavier/nexs-swag/pkg/parser/parser.go:165.64,167.4 1 0
github.com/fsvxavier/nexs-swag/pkg/parser/parser.go:170.2,170.14 1 0
github.com/fsvxavier/nexs-swag/pkg/parser/parser.go:174.47,176.16 2 0
github.com/fsvxavier/nexs-swag/pkg/parser/parser.go:176.16,178.3 1 0
github.com/fsvxavier/nexs-swag/pkg/parser/parser.go:180.2,185.29 3 0
github.com/fsvxavier/nexs-swag/pkg/parser/parser.go:185.29,190.3 3 0
github.com/fsvxavier/nexs-swag/pkg/parser/parser.go:190.8,192.29 1 0
github.com/fsvxavier/nexs-swag/pkg/parser/parser.go:192.29,195.4 2 0
github.com/fsvxavier/nexs-swag/pkg/parser/parser.go:198.2,198.28 1 0
github.com/fsvxavier/nexs-swag/pkg/parser/parser.go:198.28,199.50 1 0
github.com/fsvxavier/nexs-swag/pkg/parser/parser.go:199.50,201.4 1 0
github.com/fsvxavier/nexs-swag/pkg/parser/parser.go:205.2,205.48 1 0
github.com/fsvxavier/nexs-swag/pkg/parser/parser.go:205.48,207.3 1 0
github.com/fsvxavier/nexs-swag/pkg/parser/parser.go:210.2,210.45 1 0
github.com/fsvxavier/nexs-swag/pkg/parser/parser.go:210.45,212.3 1 0
github.com/fsvxavier/nexs-swag/pkg/parser/parser.go:214.2,214.12 1 0
github.com/fsvxavier/nexs-swag/pkg/parser/parser.go:218.48,220.53 1 0
github.com/fsvxavier/nexs-swag/pkg/parser/parser.go:220.53,222.3 1 0
github.com/fsvxavier/nexs-swag/pkg/parser/parser.go:223.2,223.18 1 0
github.com/fsvxavier/nexs-swag/pkg/parser/parser.go:227.54,228.40 1 0
github.com/fsvxavier/nexs-swag/pkg/parser/parser.go:228.40,229.37 1 0
github.com/fsvxavier/nexs-swag/pkg/parser/parser.go:229.37,232.41 2 0
github.com/fsvxavier/nexs-swag/pkg/parser/parser.go:232.41,234.5 1 0
github.com/fsvxavier/nexs-swag/pkg/parser/parser.go:237.2,237.14 1 0
github.com/fsvxavier/nexs-swag/pkg/parser/parser.go:241.57,244.40 2 0
github.com/fsvxavier/nexs-swag/pkg/parser/parser.go:244.40,245.37 1 0
github.com/fsvxavier/nexs-swag/pkg/parser/parser.go:245.37,247.51 2 0
github.com/fsvxavier/nexs-swag/pkg/parser/parser.go:247.51,248.13 1 0
github.com/fsvxavier/nexs-swag/pkg/parser/parser.go:251.4,251.50 1 0
github.com/fsvxavier/nexs-swag/pkg/parser/parser.go:251.50,253.5 1 0
github.com/fsvxavier/nexs-swag/pkg/parser/parser.go:257.2,257.12 1 0
github.com/fsvxavier/nexs-swag/pkg/parser/parser.go:261.56,262.42 1 0
github.com/fsvxavier/nexs-swag/pkg/parser/parser.go:262.42,264.33 2 0
github.com/fsvxavier/nexs-swag/pkg/parser/parser.go:264.33,266.4 1 0
github.com/fsvxavier/nexs-swag/pkg/parser/parser.go:268.3,270.16 3 0
github.com/fsvxavier/nexs-swag/pkg/parser/parser.go:270.16,272.4 1 0
github.com/fsvxavier/nexs-swag/pkg/parser/parser.go:275.3,275.46 1 0
github.com/fsvxavier/nexs-swag/pkg/parser/parser.go:275.46,277.47 1 0
github.com/fsvxavier/nexs-swag/pkg/parser/parser.go:277.47,280.48 1 0
github.com/fsvxavier/nexs-swag/pkg/parser/parser.go:280.48,282.6 1 0
github.com/fsvxavier/nexs-swag/pkg/parser/parser.go:287.3,287.41 1 0
github.com/fsvxavier/nexs-swag/pkg/parser/parser.go:287.41,289.4 1 0
github.com/fsvxavier/nexs-swag/pkg/parser/parser.go:292.3,292.52 1 0
github.com/fsvxavier/nexs-swag/pkg/parser/parser.go:292.52,294.4 1 0
github.com/fsvxavier/nexs-swag/pkg/parser/parser.go:297.3,298.53 2 0
github.com/fsvxavier/nexs-swag/pkg/parser/parser.go:298.53,300.4 1 0
github.com/fsvxavier/nexs-swag/pkg/parser/parser.go:303.3,304.22 2 0
github.com/fsvxavier/nexs-swag/pkg/parser/parser.go:304.22,307.4 2 0
github.com/fsvxavier/nexs-swag/pkg/parser/parser.go:310.3,310.44 1 0
github.com/fsvxavier/nexs-swag/pkg/parser/parser.go:311.14,312.21 1 0
github.com/fsvxavier/nexs-swag/pkg/parser/parser.go:313.15,314.22 1 0
github.com/fsvxavier/nexs-swag/pkg/parser/parser.go:315.14,316.21 1 0
github.com/fsvxavier/nexs-swag/pkg/parser/parser.go:317.17,318.24 1 0
github.com/fsvxavier/nexs-swag/pkg/parser/parser.go:319.16,320.23 1 0
github.com/fsvxavier/nexs-swag/pkg/parser/parser.go:321.18,322.25 1 0
github.com/fsvxavier/nexs-swag/pkg/parser/parser.go:323.15,324.22 1 0
github.com/fsvxavier/nexs-swag/pkg/parser/parser.go:325.16,326.23 1 0
github.com/fsvxavier/nexs-swag/pkg/parser/parser.go:329.3,329.14 1 0
github.com/fsvxavier/nexs-swag/pkg/parser/parser.go:332.2,332.12 1 0
github.com/fsvxavier/nexs-swag/pkg/parser/parser.go:336.53,339.42 2 0
github.com/fsvxavier/nexs-swag/pkg/parser/parser.go:339.42,341.10 2 0
github.com/fsvxavier/nexs-swag/pkg/parser/parser.go:341.10,343.4 1 0
github.com/fsvxavier/nexs-swag/pkg/parser/parser.go:345.3,346.10 2 0
github.com/fsvxavier/nexs-swag/pkg/parser/parser.go:346.10,348.4 1 0
github.com/fsvxavier/nexs-swag/pkg/parser/parser.go:350.3,351.20 2 0
github.com/fsvxavier/nexs-swag/pkg/parser/parser.go:351.20,361.4 2 0
github.com/fsvxavier/nexs-swag/pkg/parser/parser.go:363.3,363.14 1 0
github.com/fsvxavier/nexs-swag/pkg/parser/parser.go:366.2,366.12 1 0
github.com/fsvxavier/nexs-swag/pkg/parser/parser.go:370.35,371.32 1 0
github.com/fsvxavier/nexs-swag/pkg/parser/parser.go:371.32,373.3 1 0
github.com/fsvxavier/nexs-swag/pkg/parser/parser.go:375.2,375.34 1 0
github.com/fsvxavier/nexs-swag/pkg/parser/parser.go:375.34,377.3 1 0
github.com/fsvxavier/nexs-swag/pkg/parser/parser.go:380.2,380.46 1 0
github.com/fsvxavier/nexs-swag/pkg/parser/parser.go:380.46,386.33 2 0
github.com/fsvxavier/nexs-swag/pkg/parser/parser.go:386.33,387.17 1 0
github.com/fsvxavier/nexs-swag/pkg/parser/parser.go:387.17,388.13 1 0
github.com/fsvxavier/nexs-swag/pkg/parser/parser.go:391.4,391.56 1 0
github.com/fsvxavier/nexs-swag/pkg/parser/parser.go:391.56,393.5 1 0
github.com/fsvxavier/nexs-swag/pkg/parser/parser.go:397.2,397.12 1 0
github.com/fsvxavier/nexs-swag/pkg/parser/parser.go:401.78,403.38 1 0
github.com/fsvxavier/nexs-swag/pkg/parser/parser.go:403.38,404.52 1 0
github.com/fsvxavier/nexs-swag/pkg/parser/parser.go:404.52,405.64 1 0
github.com/fsvxavier/nexs-swag/pkg/parser/parser.go:405.64,407.5 1 0
github.com/fsvxavier/nexs-swag/pkg/parser/parser.go:412.2,412.27 1 0
github.com/fsvxavier/nexs-swag/pkg/parser/parser.go:412.27,413.58 1 0
github.com/fsvxavier/nexs-swag/pkg/parser/parser.go:413.58,414.53 1 0
github.com/fsvxavier/nexs-swag/pkg/parser/parser.go:414.53,415.65 1 0
github.com/fsvxavier/nexs-swag/pkg/parser/parser.go:415.65,417.6 1 0
github.com/fsvxavier/nexs-swag/pkg/parser/parser.go:423.2,423.49 1 0
github.com/fsvxavier/nexs-swag/pkg/parser/parser.go:423.49,424.30 1 0
github.com/fsvxavier/nexs-swag/pkg/parser/parser.go:424.30,425.53 1 0
github.com/fsvxavier/nexs-swag/pkg/parser/parser.go:425.53,426.54 1 0
github.com/fsvxavier/nexs-swag/pkg/parser/parser.go:426.54,427.66 1 0
github.com/fsvxavier/nexs-swag/pkg/parser/parser.go:427.66,430.7 1 0
github.com/fsvxavier/nexs-swag/pkg/parser/parser.go:436.2,436.12 1 0
github.com/fsvxavier/nexs-swag/pkg/parser/parser.go:440.54,443.37 2 0
github.com/fsvxavier/nexs-swag/pkg/parser/parser.go:443.37,445.3 1 0
github.com/fsvxavier/nexs-swag/pkg/parser/parser.go:447.2,448.68 2 0
github.com/fsvxavier/nexs-swag/pkg/parser/parser.go:448.68,450.3 1 0
github.com/fsvxavier/nexs-swag/pkg/parser/parser.go:452.2,452.12 1 0
github.com/fsvxavier/nexs-swag/pkg/parser/parser.go:456.59,457.26 1 0
github.com/fsvxavier/nexs-swag/pkg/parser/parser.go:457.26,459.3 1 0
github.com/fsvxavier/nexs-swag/pkg/parser/parser.go:462.2,462.33 1 0
github.com/fsvxavier/nexs-swag/pkg/parser/parser.go:462.33,463.47 1 0
github.com/fsvxavier/nexs-swag/pkg/parser/parser.go:463.47,465.4 1 0
github.com/fsvxavier/nexs-swag/pkg/parser/parser.go:468.2,468.14 1 0
github.com/fsvxavier/nexs-swag/pkg/parser/schema.go:21.108,28.2 1 0
github.com/fsvxavier/nexs-swag/pkg/parser/schema.go:31.125,39.16 2 0
github.com/fsvxavier/nexs-swag/pkg/parser/schema.go:39.16,41.3 1 0
github.com/fsvxavier/nexs-swag/pkg/parser/schema.go:44.2,44.47 1 0
github.com/fsvxavier/nexs-swag/pkg/parser/schema.go:44.47,46.3 1 0
github.com/fsvxavier/nexs-swag/pkg/parser/schema.go:48.2,48.15 1 0
github.com/fsvxavier/nexs-swag/pkg/parser/schema.go:52.89,53.35 1 0
github.com/fsvxavier/nexs-swag/pkg/parser/schema.go:53.35,57.47 2 0
github.com/fsvxavier/nexs-swag/pkg/parser/schema.go:57.47,59.32 2 0
github.com/fsvxavier/nexs-swag/pkg/parser/schema.go:59.32,61.5 1 0
github.com/fsvxavier/nexs-swag/pkg/parser/schema.go:61.10,63.5 1 0
github.com/fsvxavier/nexs-swag/pkg/parser/schema.go:67.3,67.41 1 0
github.com/fsvxavier/nexs-swag/pkg/parser/schema.go:67.41,69.4 1 0
github.com/fsvxavier/nexs-swag/pkg/parser/schema.go:72.3,72.47 1 0
github.com/fsvxavier/nexs-swag/pkg/parser/schema.go:72.47,74.4 1 0
github.com/fsvxavier/nexs-swag/pkg/parser/schema.go:77.3,77.43 1 0
github.com/fsvxavier/nexs-swag/pkg/parser/schema.go:77.43,81.4 1 0
github.com/fsvxavier/nexs-swag/pkg/parser/schema.go:86.82,87.27 1 0
github.com/fsvxavier/nexs-swag/pkg/parser/schema.go:87.27,91.3 2 0
github.com/fsvxavier/nexs-swag/pkg/parser/schema.go:93.2,96.32 2 0
github.com/fsvxavier/nexs-swag/pkg/parser/schema.go:96.32,98.3 1 0
github.com/fsvxavier/nexs-swag/pkg/parser/schema.go:101.2,101.22 1 0
github.com/fsvxavier/nexs-swag/pkg/parser/schema.go:101.22,103.87 2 0
github.com/fsvxavier/nexs-swag/pkg/parser/schema.go:103.87,105.4 1 0
github.com/fsvxavier/nexs-swag/pkg/parser/schema.go:109.2,112.22 2 0
github.com/fsvxavier/nexs-swag/pkg/parser/schema.go:112.22,114.3 1 0
github.com/fsvxavier/nexs-swag/pkg/parser/schema.go:117.2,122.51 4 0
github.com/fsvxavier/nexs-swag/pkg/parser/schema.go:122.51,125.3 2 0
github.com/fsvxavier/nexs-swag/pkg/parser/schema.go:128.2,131.22 2 0
github.com/fsvxavier/nexs-swag/pkg/parser/schema.go:131.22,133.3 1 0
github.com/fsvxavier/nexs-swag/pkg/parser/schema.go:136.2,142.41 3 0
github.com/fsvxavier/nexs-swag/pkg/parser/schema.go:142.41,144.3 1 0
github.com/fsvxavier/nexs-swag/pkg/parser/schema.go:148.90,152.32 2 0
github.com/fsvxavier/nexs-swag/pkg/parser/schema.go:153.18,154.20 1 0
github.com/fsvxavier/nexs-swag/pkg/parser/schema.go:155.21,156.40 1 0
github.com/fsvxavier/nexs-swag/pkg/parser/schema.go:156.40,158.4 1 0
github.com/fsvxavier/nexs-swag/pkg/parser/schema.go:159.25,160.40 1 0
github.com/fsvxavier/nexs-swag/pkg/parser/schema.go:160.40,162.4 1 0
github.com/fsvxavier/nexs-swag/pkg/parser/schema.go:166.2,166.20 1 0
github.com/fsvxavier/nexs-swag/pkg/parser/schema.go:166.20,171.3 2 0
github.com/fsvxavier/nexs-swag/pkg/parser/schema.go:175.88,176.35 1 0
github.com/fsvxavier/nexs-swag/pkg/parser/schema.go:176.35,180.50 2 0
github.com/fsvxavier/nexs-swag/pkg/parser/schema.go:180.50,181.32 1 0
github.com/fsvxavier/nexs-swag/pkg/parser/schema.go:181.32,183.5 1 0
github.com/fsvxavier/nexs-swag/pkg/parser/schema.go:183.10,185.5 1 0
github.com/fsvxavier/nexs-swag/pkg/parser/schema.go:189.3,189.47 1 0
github.com/fsvxavier/nexs-swag/pkg/parser/schema.go:189.47,191.32 2 0
github.com/fsvxavier/nexs-swag/pkg/parser/schema.go:191.32,193.5 1 0
github.com/fsvxavier/nexs-swag/pkg/parser/schema.go:193.10,195.5 1 0
github.com/fsvxavier/nexs-swag/pkg/parser/schema.go:199.3,199.43 1 0
github.com/fsvxavier/nexs-swag/pkg/parser/schema.go:199.43,201.4 1 0
github.com/fsvxavier/nexs-swag/pkg/parser/schema.go:204.3,204.28 1 0
github.com/fsvxavier/nexs-swag/pkg/parser/schema.go:204.28,206.4 1 0
github.com/fsvxavier/nexs-swag/pkg/parser/schema.go:233.72,236.22 2 0
github.com/fsvxavier/nexs-swag/pkg/parser/schema.go:236.22,238.3 1 0
github.com/fsvxavier/nexs-swag/pkg/parser/schema.go:240.2,243.58 2 0
github.com/fsvxavier/nexs-swag/pkg/parser/schema.go:243.58,245.45 2 0
github.com/fsvxavier/nexs-swag/pkg/parser/schema.go:245.45,247.4 1 0
github.com/fsvxavier/nexs-swag/pkg/parser/schema.go:251.2,251.67 1 0
github.com/fsvxavier/nexs-swag/pkg/parser/schema.go:251.67,253.47 2 0
github.com/fsvxavier/nexs-swag/pkg/parser/schema.go:253.47,255.4 1 0
github.com/fsvxavier/nexs-swag/pkg/parser/schema.go:259.2,259.70 1 0
github.com/fsvxavier/nexs-swag/pkg/parser/schema.go:259.70,261.48 2 0
github.com/fsvxavier/nexs-swag/pkg/parser/schema.go:261.48,263.4 1 0
github.com/fsvxavier/nexs-swag/pkg/parser/schema.go:267.2,280.46 12 0
github.com/fsvxavier/nexs-swag/pkg/parser/schema.go:280.46,282.3 1 0
github.com/fsvxavier/nexs-swag/pkg/parser/schema.go:283.2,283.47 1 0
github.com/fsvxavier/nexs-swag/pkg/parser/schema.go:283.47,285.3 1 0
github.com/fsvxavier/nexs-swag/pkg/parser/schema.go:287.2,287.13 1 0
github.com/fsvxavier/nexs-swag/pkg/parser/schema.go:291.93,293.28 1 0
github.com/fsvxavier/nexs-swag/pkg/parser/schema.go:293.28,295.3 1 0
github.com/fsvxavier/nexs-swag/pkg/parser/schema.go:298.2,298.27 1 0
github.com/fsvxavier/nexs-swag/pkg/parser/schema.go:298.27,300.3 1 0
github.com/fsvxavier/nexs-swag/pkg/parser/schema.go:303.2,303.24 1 0
github.com/fsvxavier/nexs-swag/pkg/parser/schema.go:303.24,305.3 1 0
github.com/fsvxavier/nexs-swag/pkg/parser/schema.go:307.2,307.23 1 0
github.com/fsvxavier/nexs-swag/pkg/parser/schema.go:307.23,309.3 1 0
github.com/fsvxavier/nexs-swag/pkg/parser/schema.go:311.2,311.24 1 0
github.com/fsvxavier/nexs-swag/pkg/parser/schema.go:311.24,313.3 1 0
github.com/fsvxavier/nexs-swag/pkg/parser/schema.go:315.2,315.21 1 0
github.com/fsvxavier/nexs-swag/pkg/parser/schema.go:315.21,317.32 2 0
github.com/fsvxavier/nexs-swag/pkg/parser/schema.go:317.32,319.4 1 0
github.com/fsvxavier/nexs-swag/pkg/parser/schema.go:322.2,322.24 1 0
github.com/fsvxavier/nexs-swag/pkg/parser/schema.go:322.24,323.67 1 0
github.com/fsvxavier/nexs-swag/pkg/parser/schema.go:323.67,325.4 1 0
github.com/fsvxavier/nexs-swag/pkg/parser/schema.go:328.2,328.24 1 0
github.com/fsvxavier/nexs-swag/pkg/parser/schema.go:328.24,329.67 1 0
github.com/fsvxavier/nexs-swag/pkg/parser/schema.go:329.67,331.4 1 0
github.com/fsvxavier/nexs-swag/pkg/parser/schema.go:334.2,334.26 1 0
github.com/fsvxavier/nexs-swag/pkg/parser/schema.go:334.26,335.62 1 0
github.com/fsvxavier/nexs-swag/pkg/parser/schema.go:335.62,337.4 1 0
github.com/fsvxavier/nexs-swag/pkg/parser/schema.go:340.2,340.26 1 0
github.com/fsvxavier/nexs-swag/pkg/parser/schema.go:340.26,341.62 1 0
github.com/fsvxavier/nexs-swag/pkg/parser/schema.go:341.62,343.4 1 0
github.com/fsvxavier/nexs-swag/pkg/parser/schema.go:346.2,346.24 1 0
github.com/fsvxavier/nexs-swag/pkg/parser/schema.go:346.24,348.3 1 0
github.com/fsvxavier/nexs-swag/pkg/parser/schema.go:350.2,350.19 1 0
github.com/fsvxavier/nexs-swag/pkg/parser/schema.go:350.19,352.3 1 0
github.com/fsvxavier/nexs-swag/pkg/parser/schema.go:354.2,354.20 1 0
github.com/fsvxavier/nexs-swag/pkg/parser/schema.go:354.20,356.3 1 0
github.com/fsvxavier/nexs-swag/pkg/parser/schema.go:359.2,359.24 1 0
github.com/fsvxavier/nexs-swag/pkg/parser/schema.go:359.24,361.3 1 0
github.com/fsvxavier/nexs-swag/pkg/parser/schema.go:364.2,364.25 1 0
github.com/fsvxavier/nexs-swag/pkg/parser/schema.go:364.25,366.3 1 0
github.com/fsvxavier/nexs-swag/pkg/parser/schema.go:371.91,374.29 2 0
github.com/fsvxavier/nexs-swag/pkg/parser/schema.go:374.29,378.25 2 0
github.com/fsvxavier/nexs-swag/pkg/parser/schema.go:378.25,379.12 1 0
github.com/fsvxavier/nexs-swag/pkg/parser/schema.go:383.3,383.22 1 0
github.com/fsvxavier/nexs-swag/pkg/parser/schema.go:383.22,385.4 1 0
github.com/fsvxavier/nexs-swag/pkg/parser/schema.go:388.3,388.20 1 0
github.com/fsvxavier/nexs-swag/pkg/parser/schema.go:388.20,390.4 1 0
github.com/fsvxavier/nexs-swag/pkg/parser/schema.go:393.3,393.38 1 0
github.com/fsvxavier/nexs-swag/pkg/parser/schema.go:393.38,395.57 2 0
github.com/fsvxavier/nexs-swag/pkg/parser/schema.go:395.57,396.55 1 0
github.com/fsvxavier/nexs-swag/pkg/parser/schema.go:396.55,397.33 1 0
github.com/fsvxavier/nexs-swag/pkg/parser/schema.go:397.33,399.7 1 0
github.com/fsvxavier/nexs-swag/pkg/parser/schema.go:399.12,399.39 1 0
github.com/fsvxavier/nexs-swag/pkg/parser/schema.go:399.39,401.7 1 0
github.com/fsvxavier/nexs-swag/pkg/parser/schema.go:403.10,403.66 1 0
github.com/fsvxavier/nexs-swag/pkg/parser/schema.go:403.66,404.62 1 0
github.com/fsvxavier/nexs-swag/pkg/parser/schema.go:404.62,406.6 1 0
github.com/fsvxavier/nexs-swag/pkg/parser/schema.go:410.3,410.38 1 0
github.com/fsvxavier/nexs-swag/pkg/parser/schema.go:410.38,412.57 2 0
github.com/fsvxavier/nexs-swag/pkg/parser/schema.go:412.57,413.55 1 0
github.com/fsvxavier/nexs-swag/pkg/parser/schema.go:413.55,414.33 1 0
github.com/fsvxavier/nexs-swag/pkg/parser/schema.go:414.33,416.7 1 0
github.com/fsvxavier/nexs-swag/pkg/parser/schema.go:416.12,416.39 1 0
github.com/fsvxavier/nexs-swag/pkg/parser/schema.go:416.39,418.7 1 0
github.com/fsvxavier/nexs-swag/pkg/parser/schema.go:420.10,420.66 1 0
github.com/fsvxavier/nexs-swag/pkg/parser/schema.go:420.66,421.62 1 0
github.com/fsvxavier/nexs-swag/pkg/parser/schema.go:421.62,423.6 1 0
github.com/fsvxavier/nexs-swag/pkg/parser/schema.go:428.3,428.38 1 0
github.com/fsvxavier/nexs-swag/pkg/parser/schema.go:428.38,430.54 2 0
github.com/fsvxavier/nexs-swag/pkg/parser/schema.go:430.54,433.5 2 0
github.com/fsvxavier/nexs-swag/pkg/parser/schema.go:437.3,437.38 1 0
github.com/fsvxavier/nexs-swag/pkg/parser/schema.go:437.38,439.61 2 0
github.com/fsvxavier/nexs-swag/pkg/parser/schema.go:439.61,441.5 1 0
github.com/fsvxavier/nexs-swag/pkg/parser/schema.go:445.3,445.38 1 0
github.com/fsvxavier/nexs-swag/pkg/parser/schema.go:445.38,447.61 2 0
github.com/fsvxavier/nexs-swag/pkg/parser/schema.go:447.61,449.5 1 0
github.com/fsvxavier/nexs-swag/pkg/parser/schema.go:453.3,453.37 1 0
github.com/fsvxavier/nexs-swag/pkg/parser/schema.go:453.37,455.61 2 0
github.com/fsvxavier/nexs-swag/pkg/parser/schema.go:455.61,457.5 1 0
github.com/fsvxavier/nexs-swag/pkg/parser/schema.go:461.3,461.37 1 0
github.com/fsvxavier/nexs-swag/pkg/parser/schema.go:461.37,463.61 2 0
github.com/fsvxavier/nexs-swag/pkg/parser/schema.go:463.61,465.5 1 0
github.com/fsvxavier/nexs-swag/pkg/parser/schema.go:469.3,469.40 1 0
github.com/fsvxavier/nexs-swag/pkg/parser/schema.go:469.40,472.33 3 0
github.com/fsvxavier/nexs-swag/pkg/parser/schema.go:472.33,474.5 1 0
github.com/fsvxavier/nexs-swag/pkg/parser/schema.go:481.87,489.29 3 0
github.com/fsvxavier/nexs-swag/pkg/parser/schema.go:489.29,493.40 2 0
github.com/fsvxavier/nexs-swag/pkg/parser/schema.go:493.40,495.4 1 0
github.com/fsvxavier/nexs-swag/pkg/parser/schema.go:498.3,498.25 1 0
github.com/fsvxavier/nexs-swag/pkg/parser/schema.go:498.25,500.4 1 0
github.com/fsvxavier/nexs-swag/pkg/parser/schema.go:503.3,503.21 1 0
github.com/fsvxavier/nexs-swag/pkg/parser/schema.go:503.21,505.4 1 0
github.com/fsvxavier/nexs-swag/pkg/parser/schema.go:508.3,508.24 1 0
github.com/fsvxavier/nexs-swag/pkg/parser/schema.go:508.24,510.4 1 0
github.com/fsvxavier/nexs-swag/pkg/parser/schema.go:513.3,513.22 1 0
github.com/fsvxavier/nexs-swag/pkg/parser/schema.go:513.22,515.4 1 0
github.com/fsvxavier/nexs-swag/pkg/parser/schema.go:518.3,518.25 1 0
github.com/fsvxavier/nexs-swag/pkg/parser/schema.go:518.25,520.4 1 0
github.com/fsvxavier/nexs-swag/pkg/parser/schema.go:525.75,528.41 2 0
github.com/fsvxavier/nexs-swag/pkg/parser/schema.go:528.41,531.3 1 0
github.com/fsvxavier/nexs-swag/pkg/parser/schema.go:533.2,535.26 2 0
github.com/fsvxavier/nexs-swag/pkg/parser/schema.go:536.18,538.33 1 0
github.com/fsvxavier/nexs-swag/pkg/parser/schema.go:540.22,546.16 5 0
github.com/fsvxavier/nexs-swag/pkg/parser/schema.go:548.20,555.16 6 0
github.com/fsvxavier/nexs-swag/pkg/parser/schema.go:557.21,559.33 1 0
github.com/fsvxavier/nexs-swag/pkg/parser/schema.go:561.25,563.40 1 0
github.com/fsvxavier/nexs-swag/pkg/parser/schema.go:563.40,568.74 3 0
github.com/fsvxavier/nexs-swag/pkg/parser/schema.go:568.74,570.5 1 0
github.com/fsvxavier/nexs-swag/pkg/parser/schema.go:572.4,572.51 1 0
github.com/fsvxavier/nexs-swag/pkg/parser/schema.go:574.3,574.16 1 0
github.com/fsvxavier/nexs-swag/pkg/parser/schema.go:576.26,578.16 1 0
github.com/fsvxavier/nexs-swag/pkg/parser/schema.go:580.23,585.16 4 0
github.com/fsvxavier/nexs-swag/pkg/parser/schema.go:588.2,588.15 1 0
github.com/fsvxavier/nexs-swag/pkg/parser/schema.go:592.70,596.14 2 0
github.com/fsvxavier/nexs-swag/pkg/parser/schema.go:597.16,598.25 1 0
github.com/fsvxavier/nexs-swag/pkg/parser/schema.go:599.39,601.26 2 0
github.com/fsvxavier/nexs-swag/pkg/parser/schema.go:602.15,604.26 2 0
github.com/fsvxavier/nexs-swag/pkg/parser/schema.go:605.43,607.26 2 0
github.com/fsvxavier/nexs-swag/pkg/parser/schema.go:608.16,610.26 2 0
github.com/fsvxavier/nexs-swag/pkg/parser/schema.go:611.17,613.26 2 0
github.com/fsvxavier/nexs-swag/pkg/parser/schema.go:614.17,616.27 2 0
github.com/fsvxavier/nexs-swag/pkg/parser/schema.go:617.14,618.26 1 0
github.com/fsvxavier/nexs-swag/pkg/parser/schema.go:619.14,621.25 2 0
github.com/fsvxavier/nexs-swag/pkg/parser/schema.go:622.14,624.26 2 0
github.com/fsvxavier/nexs-swag/pkg/parser/schema.go:625.10,627.46 1 0
github.com/fsvxavier/nexs-swag/pkg/parser/schema.go:630.2,630.15 1 0
github.com/fsvxavier/nexs-swag/pkg/parser/schema.go:638.88,639.23 1 0
github.com/fsvxavier/nexs-swag/pkg/parser/schema.go:639.23,641.3 1 0
github.com/fsvxavier/nexs-swag/pkg/parser/schema.go:643.2,645.21 2 0
github.com/fsvxavier/nexs-swag/pkg/parser/schema.go:645.21,648.18 2 0
github.com/fsvxavier/nexs-swag/pkg/parser/schema.go:649.68,652.19 2 0
github.com/fsvxavier/nexs-swag/pkg/parser/schema.go:654.8,654.28 1 0
github.com/fsvxavier/nexs-swag/pkg/parser/schema.go:654.28,658.30 3 0
github.com/fsvxavier/nexs-swag/pkg/parser/schema.go:658.30,660.19 1 0
github.com/fsvxavier/nexs-swag/pkg/parser/schema.go:661.50,663.20 2 0
github.com/fsvxavier/nexs-swag/pkg/parser/schema.go:665.9,665.33 1 0
github.com/fsvxavier/nexs-swag/pkg/parser/schema.go:665.33,669.19 3 0
github.com/fsvxavier/nexs-swag/pkg/parser/schema.go:670.60,673.6 1 0
github.com/fsvxavier/nexs-swag/pkg/parser/schema.go:685.89,686.25 1 0
github.com/fsvxavier/nexs-swag/pkg/parser/schema.go:686.25,688.3 1 0
github.com/fsvxavier/nexs-swag/pkg/parser/schema.go:690.2,690.30 1 0
github.com/fsvxavier/nexs-swag/pkg/parser/schema.go:690.30,692.3 1 0
github.com/fsvxavier/nexs-swag/pkg/parser/schema.go:695.2,696.33 2 0
github.com/fsvxavier/nexs-swag/pkg/parser/schema.go:696.33,698.16 2 0
github.com/fsvxavier/nexs-swag/pkg/parser/schema.go:698.16,699.12 1 0
github.com/fsvxavier/nexs-swag/pkg/parser/schema.go:702.3,702.34 1 0
github.com/fsvxavier/nexs-swag/pkg/parser/schema.go:702.34,705.36 2 0
github.com/fsvxavier/nexs-swag/pkg/parser/schema.go:705.36,707.5 1 0
github.com/fsvxavier/nexs-swag/pkg/parser/schema.go:708.9,708.40 1 0
github.com/fsvxavier/nexs-swag/pkg/parser/schema.go:708.40,713.36 4 0
github.com/fsvxavier/nexs-swag/pkg/parser/schema.go:713.36,715.67 1 0
github.com/fsvxavier/nexs-swag/pkg/parser/schema.go:715.67,717.6 1 0
github.com/fsvxavier/nexs-swag/pkg/parser/schema.go:717.11,717.31 1 0
github.com/fsvxavier/nexs-swag/pkg/parser/schema.go:717.31,719.6 1 0
github.com/fsvxavier/nexs-swag/pkg/parser/schema.go:719.11,719.32 1 0
github.com/fsvxavier/nexs-swag/pkg/parser/schema.go:719.32,721.6 1 0
github.com/fsvxavier/nexs-swag/pkg/parser/schema.go:721.11,723.6 1 0
github.com/fsvxavier/nexs-swag/pkg/parser/schema.go:725.9,727.36 1 0
github.com/fsvxavier/nexs-swag/pkg/parser/schema.go:727.36,729.5 1 0
github.com/fsvxavier/nexs-swag/pkg/parser/schema.go:735.44,740.22 4 0
github.com/fsvxavier/nexs-swag/pkg/parser/schema.go:740.22,742.3 1 0
github.com/fsvxavier/nexs-swag/pkg/parser/schema.go:743.2,743.11 1 0
github.com/fsvxavier/nexs-swag/pkg/parser/schema.go:748.78,751.18 2 0
github.com/fsvxavier/nexs-swag/pkg/parser/schema.go:752.16,753.25 1 0
github.com/fsvxavier/nexs-swag/pkg/parser/schema.go:754.16,755.25 1 0
github.com/fsvxavier/nexs-swag/pkg/parser/schema.go:756.17,757.26 1 0
github.com/fsvxavier/nexs-swag/pkg/parser/schema.go:758.17,759.26 1 0
github.com/fsvxavier/nexs-swag/pkg/parser/schema.go:760.19,762.30 2 0
github.com/fsvxavier/nexs-swag/pkg/parser/schema.go:763.10,765.50 1 0
github.com/fsvxavier/nexs-swag/pkg/parser/schema.go:768.2,768.15 1 0
github.com/fsvxavier/nexs-swag/pkg/generator/generator.go:28.83,36.2 1 1
github.com/fsvxavier/nexs-swag/pkg/generator/generator.go:39.50,41.2 1 1
github.com/fsvxavier/nexs-swag/pkg/generator/generator.go:44.52,46.2 1 1
github.com/fsvxavier/nexs-swag/pkg/generator/generator.go:50.54,51.18 1 1
github.com/fsvxavier/nexs-swag/pkg/generator/generator.go:51.18,54.3 2 1
github.com/fsvxavier/nexs-swag/pkg/generator/generator.go:55.2,56.21 2 1
github.com/fsvxavier/nexs-swag/pkg/generator/generator.go:56.21,58.3 1 1
github.com/fsvxavier/nexs-swag/pkg/generator/generator.go:58.8,60.3 1 0
github.com/fsvxavier/nexs-swag/pkg/generator/generator.go:64.38,66.55 1 0
github.com/fsvxavier/nexs-swag/pkg/generator/generator.go:66.55,68.3 1 0
github.com/fsvxavier/nexs-swag/pkg/generator/generator.go:71.2,71.42 1 0
github.com/fsvxavier/nexs-swag/pkg/generator/generator.go:71.42,72.21 1 0
github.com/fsvxavier/nexs-swag/pkg/generator/generator.go:73.15,74.43 1 0
github.com/fsvxavier/nexs-swag/pkg/generator/generator.go:74.43,76.5 1 0
github.com/fsvxavier/nexs-swag/pkg/generator/generator.go:77.22,78.43 1 0
github.com/fsvxavier/nexs-swag/pkg/generator/generator.go:78.43,80.5 1 0
github.com/fsvxavier/nexs-swag/pkg/generator/generator.go:81.13,82.41 1 0
github.com/fsvxavier/nexs-swag/pkg/generator/generator.go:82.41,84.5 1 0
github.com/fsvxavier/nexs-swag/pkg/generator/generator.go:85.11,86.64 1 0
github.com/fsvxavier/nexs-swag/pkg/generator/generator.go:90.2,90.12 1 0
github.com/fsvxavier/nexs-swag/pkg/generator/generator.go:94.42,98.16 3 0
github.com/fsvxavier/nexs-swag/pkg/generator/generator.go:98.16,100.3 1 0
github.com/fsvxavier/nexs-swag/pkg/generator/generator.go:101.2,106.47 4 0
github.com/fsvxavier/nexs-swag/pkg/generator/generator.go:106.47,108.3 1 0
github.com/fsvxavier/nexs-swag/pkg/generator/generator.go:110.2,111.12 2 0
github.com/fsvxavier/nexs-swag/pkg/generator/generator.go:115.42,119.16 3 0
github.com/fsvxavier/nexs-swag/pkg/generator/generator.go:119.16,121.3 1 0
github.com/fsvxavier/nexs-swag/pkg/generator/generator.go:122.2,127.47 4 0
github.com/fsvxavier/nexs-swag/pkg/generator/generator.go:127.47,129.3 1 0
github.com/fsvxavier/nexs-swag/pkg/generator/generator.go:131.2,132.12 2 0
github.com/fsvxavier/nexs-swag/pkg/generator/generator.go:136.40,141.16 3 0
github.com/fsvxavier/nexs-swag/pkg/generator/generator.go:141.16,143.3 1 0
github.com/fsvxavier/nexs-swag/pkg/generator/generator.go:145.2,146.16 2 0
github.com/fsvxavier/nexs-swag/pkg/generator/generator.go:146.16,148.3 1 0
github.com/fsvxavier/nexs-swag/pkg/generator/generator.go:149.2,153.21 3 0
github.com/fsvxavier/nexs-swag/pkg/generator/generator.go:153.21,155.3 1 0
github.com/fsvxavier/nexs-swag/pkg/generator/generator.go:156.2,172.12 10 0
github.com/fsvxavier/nexs-swag/pkg/openapi/openapi.go:310.48,316.16 3 0
github.com/fsvxavier/nexs-swag/pkg/openapi/openapi.go:316.16,318.3 1 0
github.com/fsvxavier/nexs-swag/pkg/openapi/openapi.go:321.2,321.28 1 0
github.com/fsvxavier/nexs-swag/pkg/openapi/openapi.go:321.28,323.3 1 0
github.com/fsvxavier/nexs-swag/pkg/openapi/openapi.go:326.2,327.54 2 0
github.com/fsvxavier/nexs-swag/pkg/openapi/openapi.go:327.54,329.3 1 0
github.com/fsvxavier/nexs-swag/pkg/openapi/openapi.go:332.2,332.33 1 0
github.com/fsvxavier/nexs-swag/pkg/openapi/openapi.go:332.33,334.3 1 0
github.com/fsvxavier/nexs-swag/pkg/openapi/openapi.go:336.2,336.29 1 0
github.com/fsvxavier/nexs-swag/pkg/openapi/openapi.go:340.51,346.16 3 0
github.com/fsvxavier/nexs-swag/pkg/openapi/openapi.go:346.16,348.3 1 0
github.com/fsvxavier/nexs-swag/pkg/openapi/openapi.go:351.2,351.28 1 0
github.com/fsvxavier/nexs-swag/pkg/openapi/openapi.go:351.28,353.3 1 0
github.com/fsvxavier/nexs-swag/pkg/openapi/openapi.go:356.2,357.54 2 0
github.com/fsvxavier/nexs-swag/pkg/openapi/openapi.go:357.54,359.3 1 0
github.com/fsvxavier/nexs-swag/pkg/openapi/openapi.go:362.2,362.33 1 0
github.com/fsvxavier/nexs-swag/pkg/openapi/openapi.go:362.33,364.3 1 0
github.com/fsvxavier/nexs-swag/pkg/openapi/openapi.go:366.2,366.29 1 0
github.com/fsvxavier/nexs-swag/pkg/format/format.go:26.20,30.2 1 1
github.com/fsvxavier/nexs-swag/pkg/format/format.go:33.46,34.28 1 1
github.com/fsvxavier/nexs-swag/pkg/format/format.go:34.28,36.3 1 1
github.com/fsvxavier/nexs-swag/pkg/format/format.go:39.2,40.42 2 1
github.com/fsvxavier/nexs-swag/pkg/format/format.go:40.42,42.3 1 1
github.com/fsvxavier/nexs-swag/pkg/format/format.go:45.2,45.27 1 1
github.com/fsvxavier/nexs-swag/pkg/format/format.go:45.27,46.63 1 1
github.com/fsvxavier/nexs-swag/pkg/format/format.go:46.63,48.21 2 1
github.com/fsvxavier/nexs-swag/pkg/format/format.go:48.21,50.5 1 1
github.com/fsvxavier/nexs-swag/pkg/format/format.go:55.2,55.94 1 1
github.com/fsvxavier/nexs-swag/pkg/format/format.go:55.94,56.17 1 1
github.com/fsvxavier/nexs-swag/pkg/format/format.go:56.17,58.4 1 1
github.com/fsvxavier/nexs-swag/pkg/format/format.go:61.3,61.16 1 1
github.com/fsvxavier/nexs-swag/pkg/format/format.go:61.16,62.26 1 1
github.com/fsvxavier/nexs-swag/pkg/format/format.go:62.26,64.5 1 1
github.com/fsvxavier/nexs-swag/pkg/format/format.go:65.4,65.14 1 1
github.com/fsvxavier/nexs-swag/pkg/format/format.go:69.3,69.34 1 1
github.com/fsvxavier/nexs-swag/pkg/format/format.go:69.34,71.4 1 1
github.com/fsvxavier/nexs-swag/pkg/format/format.go:74.3,74.28 1 1
github.com/fsvxavier/nexs-swag/pkg/format/format.go:79.47,82.34 2 1
github.com/fsvxavier/nexs-swag/pkg/format/format.go:82.34,84.3 1 1
github.com/fsvxavier/nexs-swag/pkg/format/format.go:87.2,88.17 2 1
github.com/fsvxavier/nexs-swag/pkg/format/format.go:92.48,95.16 2 1
github.com/fsvxavier/nexs-swag/pkg/format/format.go:95.16,97.3 1 0
github.com/fsvxavier/nexs-swag/pkg/format/format.go:100.2,102.16 3 1
github.com/fsvxavier/nexs-swag/pkg/format/format.go:102.16,104.3 1 0
github.com/fsvxavier/nexs-swag/pkg/format/format.go:107.2,108.16 2 1
github.com/fsvxavier/nexs-swag/pkg/format/format.go:108.16,111.3 1 0
github.com/fsvxavier/nexs-swag/pkg/format/format.go:114.2,114.47 1 1
github.com/fsvxavier/nexs-swag/pkg/format/format.go:114.47,115.66 1 1
github.com/fsvxavier/nexs-swag/pkg/format/format.go:115.66,117.4 1 0
github.com/fsvxavier/nexs-swag/pkg/format/format.go:118.3,118.40 1 1
github.com/fsvxavier/nexs-swag/pkg/format/format.go:121.2,121.12 1 1
